<?xml version="1.0" encoding="UTF-8"?>
<!-- Generated by org.testng.reporters.JUnitReportReporter -->
<testsuite hostname="LAPTOP-1HDOL07R" failures="0" tests="1" name="helloworld_raji.TestHelloWorld" time="0.006" errors="0" timestamp="2022-03-28T14:45:30 EDT" skipped="0">
  <testcase classname="helloworld_raji.TestHelloWorld" name="test" time="0.006"/>
  <system-out/>
</testsuite> <!-- helloworld_raji.TestHelloWorld -->
